Using pre-set license
Built from '2020.2/release' branch; Version is '2020.2.0f1 (3721df5a8b28) revision 3613151'; Using compiler version '192528614'; Build Type 'Release'
OS: 'Windows 10  (10.0.0) 64bit' Language: 'tr' Physical Memory: 16242 MB
BatchMode: 1, IsHumanControllingUs: 0, StartBugReporterOnCrash: 0, Is64bit: 1, IsPro: 0

 COMMAND LINE ARGUMENTS:
C:\Program Files\Unity\Hub\Editor\2020.2.0f1\Editor\Unity.exe
-adb2
-batchMode
-noUpm
-name
AssetImportWorker0
-projectPath
C:/Users/DOGUKN/Documents/Unity/VIRUS IDLE 3D/virus-idle-3d
-logFile
Logs/AssetImportWorker0.log
-srvPort
51709
Successfully changed project path to: C:/Users/DOGUKN/Documents/Unity/VIRUS IDLE 3D/virus-idle-3d
C:/Users/DOGUKN/Documents/Unity/VIRUS IDLE 3D/virus-idle-3d
Using Asset Import Pipeline V2.
Refreshing native plugins compatible for Editor in 35.55 ms, found 0 plugins.
Preloading 0 native plugins for Editor in 0.00 ms.
Initialize engine version: 2020.2.0f1 (3721df5a8b28)
[Subsystems] Discovering subsystems at path C:/Program Files/Unity/Hub/Editor/2020.2.0f1/Editor/Data/Resources/UnitySubsystems
[Subsystems] Discovering subsystems at path C:/Users/DOGUKN/Documents/Unity/VIRUS IDLE 3D/virus-idle-3d/Assets
GfxDevice: creating device client; threaded=0
Direct3D:
    Version:  Direct3D 11.0 [level 11.1]
    Renderer: NVIDIA GeForce MX250 (ID=0x1d13)
    Vendor:   
    VRAM:     1983 MB
    Driver:   27.21.14.6089
Initialize mono
Mono path[0] = 'C:/Program Files/Unity/Hub/Editor/2020.2.0f1/Editor/Data/Managed'
Mono path[1] = 'C:/Program Files/Unity/Hub/Editor/2020.2.0f1/Editor/Data/MonoBleedingEdge/lib/mono/unityjit'
Mono config path = 'C:/Program Files/Unity/Hub/Editor/2020.2.0f1/Editor/Data/MonoBleedingEdge/etc'
Using monoOptions --debugger-agent=transport=dt_socket,embedding=1,server=y,suspend=n,address=127.0.0.1:56956
Begin MonoManager ReloadAssembly
Registering precompiled unity dll's ...
Register platform support module: C:/Program Files/Unity/Hub/Editor/2020.2.0f1/Editor/Data/PlaybackEngines/WindowsStandaloneSupport/UnityEditor.WindowsStandalone.Extensions.dll
Registered in 0.001990 seconds.
Native extension for WindowsStandalone target not found
Refreshing native plugins compatible for Editor in 35.83 ms, found 0 plugins.
Preloading 0 native plugins for Editor in 0.00 ms.
Invoked RoslynAnalysisRunner static constructor.
RoslynAnalysisRunner will not be running.
RoslynAnalysisRunner has terminated.
Mono: successfully reloaded assembly
- Completed reload, in  2.503 seconds
Platform modules already initialized, skipping
Registering precompiled user dll's ...
Registered in 0.000718 seconds.
Begin MonoManager ReloadAssembly
Native extension for WindowsStandalone target not found
Refreshing native plugins compatible for Editor in 0.74 ms, found 0 plugins.
Preloading 0 native plugins for Editor in 0.00 ms.
Invoked RoslynAnalysisRunner static constructor.
RoslynAnalysisRunner will not be running.
RoslynAnalysisRunner has terminated.
Mono: successfully reloaded assembly
- Completed reload, in  1.232 seconds
Platform modules already initialized, skipping
========================================================================
Worker process is ready to serve import requests
Launched and connected shader compiler UnityShaderCompiler.exe after 0.04 seconds
Refreshing native plugins compatible for Editor in 0.29 ms, found 0 plugins.
Preloading 0 native plugins for Editor in 0.00 ms.
Unloading 1099 Unused Serialized files (Serialized files now loaded: 0)
System memory in use before: 75.6 MB.
System memory in use after: 75.7 MB.

Unloading 10 unused Assets to reduce memory usage. Loaded Objects now: 1562.
Total: 3.041000 ms (FindLiveObjects: 0.316700 ms CreateObjectMapping: 0.382400 ms MarkObjects: 2.238100 ms  DeleteObjects: 0.100500 ms)

========================================================================
Received Import Request.
  path: Assets/Images
  artifactKey: Guid(ba837f8ca522c4a4994a0ec8b806413c) Importer(815301076,1909f56bfc062723c751e8b465ee728b)
Start importing Assets/Images using Guid(ba837f8ca522c4a4994a0ec8b806413c) Importer(815301076,1909f56bfc062723c751e8b465ee728b)  -> (artifact id: 'e7a001a70415c1fcdaa43fbf329377ac') in 0.012333 seconds
  Import took 0.014488 seconds .

========================================================================
Received Import Request.
  Time since last request: 157.354966 seconds.
  path: Assets/Images/Square.png
  artifactKey: Guid(057023a4139156644afefcdfb35f3824) Importer(815301076,1909f56bfc062723c751e8b465ee728b)
Start importing Assets/Images/Square.png using Guid(057023a4139156644afefcdfb35f3824) Importer(815301076,1909f56bfc062723c751e8b465ee728b)  -> (artifact id: 'cc127f6abf7e4db471e9584f367e5cc8') in 0.131265 seconds
  Import took 0.135649 seconds .

========================================================================
Received Import Request.
  Time since last request: 7.116818 seconds.
  path: Assets/Images/Square.png
  artifactKey: Guid(057023a4139156644afefcdfb35f3824) Importer(815301076,1909f56bfc062723c751e8b465ee728b)
Start importing Assets/Images/Square.png using Guid(057023a4139156644afefcdfb35f3824) Importer(815301076,1909f56bfc062723c751e8b465ee728b)  -> (artifact id: '2ab64862e5553bd7657df21349fb6e24') in 0.067752 seconds
  Import took 0.070730 seconds .

========================================================================
Received Import Request.
  Time since last request: 50.758431 seconds.
  path: Assets/Scripts/TowerController.cs
  artifactKey: Guid(34946b30774dbbf4982ec95f55cfcd93) Importer(815301076,1909f56bfc062723c751e8b465ee728b)
Start importing Assets/Scripts/TowerController.cs using Guid(34946b30774dbbf4982ec95f55cfcd93) Importer(815301076,1909f56bfc062723c751e8b465ee728b)  -> (artifact id: '1a5516d2f5288de89caeccb0a06507ef') in 0.012955 seconds
  Import took 0.015907 seconds .

========================================================================
Received Import Request.
  Time since last request: 29.749098 seconds.
  path: Assets/Scripts/TowerController.cs
  artifactKey: Guid(34946b30774dbbf4982ec95f55cfcd93) Importer(815301076,1909f56bfc062723c751e8b465ee728b)
Start importing Assets/Scripts/TowerController.cs using Guid(34946b30774dbbf4982ec95f55cfcd93) Importer(815301076,1909f56bfc062723c751e8b465ee728b)  -> (artifact id: '0b18dbf2d8289c318f9520435ee15057') in 0.020293 seconds
  Import took 0.025649 seconds .

========================================================================
Received Prepare
Registering precompiled user dll's ...
Registered in 0.000688 seconds.
Begin MonoManager ReloadAssembly
Native extension for WindowsStandalone target not found
Refreshing native plugins compatible for Editor in 0.24 ms, found 0 plugins.
Preloading 0 native plugins for Editor in 0.00 ms.
Invoked RoslynAnalysisRunner static constructor.
RoslynAnalysisRunner will not be running.
RoslynAnalysisRunner has terminated.
Mono: successfully reloaded assembly
- Completed reload, in  0.929 seconds
Platform modules already initialized, skipping
Refreshing native plugins compatible for Editor in 0.21 ms, found 0 plugins.
Preloading 0 native plugins for Editor in 0.00 ms.
Unloading 1094 Unused Serialized files (Serialized files now loaded: 0)
System memory in use before: 79.0 MB.
System memory in use after: 79.1 MB.

Unloading 5 unused Assets to reduce memory usage. Loaded Objects now: 1570.
Total: 1.824700 ms (FindLiveObjects: 0.138600 ms CreateObjectMapping: 0.038400 ms MarkObjects: 1.587100 ms  DeleteObjects: 0.059500 ms)

========================================================================
Received Prepare
Registering precompiled user dll's ...
Registered in 0.001287 seconds.
Begin MonoManager ReloadAssembly
Native extension for WindowsStandalone target not found
Refreshing native plugins compatible for Editor in 0.24 ms, found 0 plugins.
Preloading 0 native plugins for Editor in 0.00 ms.
Invoked RoslynAnalysisRunner static constructor.
RoslynAnalysisRunner will not be running.
RoslynAnalysisRunner has terminated.
Mono: successfully reloaded assembly
- Completed reload, in  0.878 seconds
Platform modules already initialized, skipping
Refreshing native plugins compatible for Editor in 0.27 ms, found 0 plugins.
Preloading 0 native plugins for Editor in 0.00 ms.
Unloading 1094 Unused Serialized files (Serialized files now loaded: 0)
System memory in use before: 79.3 MB.
System memory in use after: 79.4 MB.

Unloading 5 unused Assets to reduce memory usage. Loaded Objects now: 1572.
Total: 2.016900 ms (FindLiveObjects: 0.259300 ms CreateObjectMapping: 0.065500 ms MarkObjects: 1.613300 ms  DeleteObjects: 0.076900 ms)

========================================================================
Received Import Request.
  Time since last request: 125.420054 seconds.
  path: Assets/Scripts/VirusSpawn.cs
  artifactKey: Guid(4f09b908198aae049b36c4f2f1ed615e) Importer(815301076,1909f56bfc062723c751e8b465ee728b)
Start importing Assets/Scripts/VirusSpawn.cs using Guid(4f09b908198aae049b36c4f2f1ed615e) Importer(815301076,1909f56bfc062723c751e8b465ee728b)  -> (artifact id: 'c700399d84871778da911f1b8b0a5272') in 0.010793 seconds
  Import took 0.013393 seconds .

========================================================================
Received Prepare
Registering precompiled user dll's ...
Registered in 0.000827 seconds.
Begin MonoManager ReloadAssembly
Native extension for WindowsStandalone target not found
Refreshing native plugins compatible for Editor in 0.20 ms, found 0 plugins.
Preloading 0 native plugins for Editor in 0.00 ms.
Invoked RoslynAnalysisRunner static constructor.
RoslynAnalysisRunner will not be running.
RoslynAnalysisRunner has terminated.
Mono: successfully reloaded assembly
- Completed reload, in  0.777 seconds
Platform modules already initialized, skipping
Refreshing native plugins compatible for Editor in 0.24 ms, found 0 plugins.
Preloading 0 native plugins for Editor in 0.00 ms.
Unloading 1094 Unused Serialized files (Serialized files now loaded: 0)
System memory in use before: 79.4 MB.
System memory in use after: 79.5 MB.

Unloading 5 unused Assets to reduce memory usage. Loaded Objects now: 1574.
Total: 2.310100 ms (FindLiveObjects: 0.190700 ms CreateObjectMapping: 0.038600 ms MarkObjects: 2.016900 ms  DeleteObjects: 0.062500 ms)

========================================================================
Received Import Request.
  Time since last request: 279.434169 seconds.
  path: Assets/Images/Square.png
  artifactKey: Guid(057023a4139156644afefcdfb35f3824) Importer(815301076,1909f56bfc062723c751e8b465ee728b)
Start importing Assets/Images/Square.png using Guid(057023a4139156644afefcdfb35f3824) Importer(815301076,1909f56bfc062723c751e8b465ee728b)  -> (artifact id: 'd185a89d2afcb9521990b420dc13c397') in 0.065180 seconds
  Import took 0.067961 seconds .

========================================================================
Received Import Request.
  Time since last request: 89.352226 seconds.
  path: Assets/Prefabs/Virus.prefab
  artifactKey: Guid(e67191cc803606b48b503b808a47cf68) Importer(815301076,1909f56bfc062723c751e8b465ee728b)
Start importing Assets/Prefabs/Virus.prefab using Guid(e67191cc803606b48b503b808a47cf68) Importer(815301076,1909f56bfc062723c751e8b465ee728b)  -> (artifact id: 'fcf36d422f17c31c688082c951a40d6b') in 0.066774 seconds
  Import took 0.069005 seconds .

========================================================================
Received Import Request.
  Time since last request: 0.020512 seconds.
  path: Assets/Prefabs/Virus.prefab
  artifactKey: Guid(e67191cc803606b48b503b808a47cf68) Importer(815301076,1909f56bfc062723c751e8b465ee728b)
Start importing Assets/Prefabs/Virus.prefab using Guid(e67191cc803606b48b503b808a47cf68) Importer(815301076,1909f56bfc062723c751e8b465ee728b)  -> (artifact id: 'fcf36d422f17c31c688082c951a40d6b') in 0.009769 seconds
  Import took 0.011966 seconds .

========================================================================
Received Prepare
Registering precompiled user dll's ...
Registered in 0.000755 seconds.
Begin MonoManager ReloadAssembly
Native extension for WindowsStandalone target not found
Refreshing native plugins compatible for Editor in 0.20 ms, found 0 plugins.
Preloading 0 native plugins for Editor in 0.00 ms.
Invoked RoslynAnalysisRunner static constructor.
RoslynAnalysisRunner will not be running.
RoslynAnalysisRunner has terminated.
Mono: successfully reloaded assembly
- Completed reload, in  0.820 seconds
Platform modules already initialized, skipping
Refreshing native plugins compatible for Editor in 0.24 ms, found 0 plugins.
Preloading 0 native plugins for Editor in 0.00 ms.
Unloading 1094 Unused Serialized files (Serialized files now loaded: 0)
System memory in use before: 80.0 MB.
System memory in use after: 80.1 MB.

Unloading 7 unused Assets to reduce memory usage. Loaded Objects now: 1580.
Total: 1.476300 ms (FindLiveObjects: 0.125500 ms CreateObjectMapping: 0.033700 ms MarkObjects: 1.253200 ms  DeleteObjects: 0.062600 ms)

========================================================================
Received Prepare
Registering precompiled user dll's ...
Registered in 0.001201 seconds.
Begin MonoManager ReloadAssembly
Native extension for WindowsStandalone target not found
Refreshing native plugins compatible for Editor in 0.57 ms, found 0 plugins.
Preloading 0 native plugins for Editor in 0.00 ms.
Invoked RoslynAnalysisRunner static constructor.
RoslynAnalysisRunner will not be running.
RoslynAnalysisRunner has terminated.
Mono: successfully reloaded assembly
- Completed reload, in  0.918 seconds
Platform modules already initialized, skipping
Refreshing native plugins compatible for Editor in 0.21 ms, found 0 plugins.
Preloading 0 native plugins for Editor in 0.00 ms.
Unloading 1094 Unused Serialized files (Serialized files now loaded: 0)
System memory in use before: 80.4 MB.
System memory in use after: 80.4 MB.

Unloading 5 unused Assets to reduce memory usage. Loaded Objects now: 1582.
Total: 2.692400 ms (FindLiveObjects: 0.525600 ms CreateObjectMapping: 0.104800 ms MarkObjects: 1.987400 ms  DeleteObjects: 0.068700 ms)

========================================================================
Received Import Request.
  Time since last request: 64.973563 seconds.
  path: Assets/Prefabs/Stamina.prefab
  artifactKey: Guid(855c3082d7dc6f04ebacd790860732f4) Importer(815301076,1909f56bfc062723c751e8b465ee728b)
Start importing Assets/Prefabs/Stamina.prefab using Guid(855c3082d7dc6f04ebacd790860732f4) Importer(815301076,1909f56bfc062723c751e8b465ee728b)  -> (artifact id: 'e5dd2b7ea1e081a6455cd56131abbd7f') in 0.038899 seconds
  Import took 0.041916 seconds .

========================================================================
Received Import Request.
  Time since last request: 0.001321 seconds.
  path: Assets/Prefabs/Stamina.prefab
  artifactKey: Guid(855c3082d7dc6f04ebacd790860732f4) Importer(815301076,1909f56bfc062723c751e8b465ee728b)
Start importing Assets/Prefabs/Stamina.prefab using Guid(855c3082d7dc6f04ebacd790860732f4) Importer(815301076,1909f56bfc062723c751e8b465ee728b)  -> (artifact id: 'e5dd2b7ea1e081a6455cd56131abbd7f') in 0.006798 seconds
  Import took 0.009443 seconds .

========================================================================
Received Import Request.
  Time since last request: 16.058269 seconds.
  path: Assets/Prefabs/EnemyHealth.prefab
  artifactKey: Guid(855c3082d7dc6f04ebacd790860732f4) Importer(815301076,1909f56bfc062723c751e8b465ee728b)
Start importing Assets/Prefabs/EnemyHealth.prefab using Guid(855c3082d7dc6f04ebacd790860732f4) Importer(815301076,1909f56bfc062723c751e8b465ee728b)  -> (artifact id: '9404841c64bdacc3ae5b0207f5602417') in 0.009939 seconds
  Import took 0.012445 seconds .

========================================================================
Received Import Request.
  Time since last request: 18.642553 seconds.
  path: Assets/Prefabs/EnemyHealth.prefab
  artifactKey: Guid(855c3082d7dc6f04ebacd790860732f4) Importer(815301076,1909f56bfc062723c751e8b465ee728b)
Start importing Assets/Prefabs/EnemyHealth.prefab using Guid(855c3082d7dc6f04ebacd790860732f4) Importer(815301076,1909f56bfc062723c751e8b465ee728b)  -> (artifact id: '801cbf932bbe6c1a40e983b8d6cc3622') in 0.006971 seconds
  Import took 0.010282 seconds .

========================================================================
Received Import Request.
  Time since last request: 0.001084 seconds.
  path: Assets/Prefabs/EnemyHealth.prefab
  artifactKey: Guid(855c3082d7dc6f04ebacd790860732f4) Importer(815301076,1909f56bfc062723c751e8b465ee728b)
Start importing Assets/Prefabs/EnemyHealth.prefab using Guid(855c3082d7dc6f04ebacd790860732f4) Importer(815301076,1909f56bfc062723c751e8b465ee728b)  -> (artifact id: '801cbf932bbe6c1a40e983b8d6cc3622') in 0.003864 seconds
  Import took 0.006633 seconds .

========================================================================
Received Prepare
Registering precompiled user dll's ...
Registered in 0.001005 seconds.
Begin MonoManager ReloadAssembly
Native extension for WindowsStandalone target not found
Refreshing native plugins compatible for Editor in 0.19 ms, found 0 plugins.
Preloading 0 native plugins for Editor in 0.00 ms.
Invoked RoslynAnalysisRunner static constructor.
RoslynAnalysisRunner will not be running.
RoslynAnalysisRunner has terminated.
Mono: successfully reloaded assembly
- Completed reload, in  0.742 seconds
Platform modules already initialized, skipping
Refreshing native plugins compatible for Editor in 0.23 ms, found 0 plugins.
Preloading 0 native plugins for Editor in 0.00 ms.
Unloading 1094 Unused Serialized files (Serialized files now loaded: 0)
System memory in use before: 80.5 MB.
System memory in use after: 80.6 MB.

Unloading 5 unused Assets to reduce memory usage. Loaded Objects now: 1584.
Total: 1.623300 ms (FindLiveObjects: 0.167000 ms CreateObjectMapping: 0.028300 ms MarkObjects: 1.357400 ms  DeleteObjects: 0.069400 ms)

========================================================================
Received Import Request.
  Time since last request: 264.617431 seconds.
  path: Assets/Prefabs/Virus.prefab
  artifactKey: Guid(e67191cc803606b48b503b808a47cf68) Importer(815301076,1909f56bfc062723c751e8b465ee728b)
Start importing Assets/Prefabs/Virus.prefab using Guid(e67191cc803606b48b503b808a47cf68) Importer(815301076,1909f56bfc062723c751e8b465ee728b)  -> (artifact id: '37abeeb7c081e76d587d4a198d7fcad9') in 0.065642 seconds
  Import took 0.068851 seconds .

========================================================================
Received Import Request.
  Time since last request: 0.025093 seconds.
  path: Assets/Prefabs/Virus.prefab
  artifactKey: Guid(e67191cc803606b48b503b808a47cf68) Importer(815301076,1909f56bfc062723c751e8b465ee728b)
Start importing Assets/Prefabs/Virus.prefab using Guid(e67191cc803606b48b503b808a47cf68) Importer(815301076,1909f56bfc062723c751e8b465ee728b)  -> (artifact id: '37abeeb7c081e76d587d4a198d7fcad9') in 0.010652 seconds
  Import took 0.013335 seconds .

========================================================================
Received Import Request.
  Time since last request: 69.199404 seconds.
  path: Assets/Prefabs/Virus.prefab
  artifactKey: Guid(e67191cc803606b48b503b808a47cf68) Importer(815301076,1909f56bfc062723c751e8b465ee728b)
Start importing Assets/Prefabs/Virus.prefab using Guid(e67191cc803606b48b503b808a47cf68) Importer(815301076,1909f56bfc062723c751e8b465ee728b)  -> (artifact id: 'cf80fa66280964172c28220484f7cf8a') in 0.015761 seconds
  Import took 0.017908 seconds .

========================================================================
Received Prepare
Registering precompiled user dll's ...
Registered in 0.000580 seconds.
Begin MonoManager ReloadAssembly
Native extension for WindowsStandalone target not found
Refreshing native plugins compatible for Editor in 0.20 ms, found 0 plugins.
Preloading 0 native plugins for Editor in 0.00 ms.
Invoked RoslynAnalysisRunner static constructor.
RoslynAnalysisRunner will not be running.
RoslynAnalysisRunner has terminated.
Mono: successfully reloaded assembly
- Completed reload, in  0.666 seconds
Platform modules already initialized, skipping
Refreshing native plugins compatible for Editor in 0.23 ms, found 0 plugins.
Preloading 0 native plugins for Editor in 0.00 ms.
Unloading 1094 Unused Serialized files (Serialized files now loaded: 0)
System memory in use before: 80.0 MB.
System memory in use after: 80.1 MB.

Unloading 5 unused Assets to reduce memory usage. Loaded Objects now: 1587.
Total: 1.655800 ms (FindLiveObjects: 0.190500 ms CreateObjectMapping: 0.062100 ms MarkObjects: 1.338300 ms  DeleteObjects: 0.062700 ms)

========================================================================
Received Import Request.
  Time since last request: 128.593005 seconds.
  path: Assets/Prefabs/Virus.prefab
  artifactKey: Guid(e67191cc803606b48b503b808a47cf68) Importer(815301076,1909f56bfc062723c751e8b465ee728b)
Start importing Assets/Prefabs/Virus.prefab using Guid(e67191cc803606b48b503b808a47cf68) Importer(815301076,1909f56bfc062723c751e8b465ee728b)  -> (artifact id: '682823d76fd031ab31892a998908b737') in 0.057050 seconds
  Import took 0.060317 seconds .

========================================================================
Received Import Request.
  Time since last request: 30.965207 seconds.
  path: Assets/Prefabs/EnemyHealth.prefab
  artifactKey: Guid(855c3082d7dc6f04ebacd790860732f4) Importer(815301076,1909f56bfc062723c751e8b465ee728b)
Start importing Assets/Prefabs/EnemyHealth.prefab using Guid(855c3082d7dc6f04ebacd790860732f4) Importer(815301076,1909f56bfc062723c751e8b465ee728b)  -> (artifact id: 'cdecbef628ad49f74f5b555e40d86ecd') in 0.005043 seconds
  Import took 0.007517 seconds .

========================================================================
Received Import Request.
  Time since last request: 0.017899 seconds.
  path: Assets/Prefabs/EnemyHealth.prefab
  artifactKey: Guid(855c3082d7dc6f04ebacd790860732f4) Importer(815301076,1909f56bfc062723c751e8b465ee728b)
Start importing Assets/Prefabs/EnemyHealth.prefab using Guid(855c3082d7dc6f04ebacd790860732f4) Importer(815301076,1909f56bfc062723c751e8b465ee728b)  -> (artifact id: 'cdecbef628ad49f74f5b555e40d86ecd') in 0.003963 seconds
  Import took 0.006396 seconds .

========================================================================
Received Prepare
Registering precompiled user dll's ...
Registered in 0.000634 seconds.
Begin MonoManager ReloadAssembly
Native extension for WindowsStandalone target not found
Refreshing native plugins compatible for Editor in 0.22 ms, found 0 plugins.
Preloading 0 native plugins for Editor in 0.00 ms.
Invoked RoslynAnalysisRunner static constructor.
RoslynAnalysisRunner will not be running.
RoslynAnalysisRunner has terminated.
Mono: successfully reloaded assembly
- Completed reload, in  0.700 seconds
Platform modules already initialized, skipping
Refreshing native plugins compatible for Editor in 0.24 ms, found 0 plugins.
Preloading 0 native plugins for Editor in 0.00 ms.
Unloading 1094 Unused Serialized files (Serialized files now loaded: 0)
System memory in use before: 80.3 MB.
System memory in use after: 80.4 MB.

Unloading 5 unused Assets to reduce memory usage. Loaded Objects now: 1590.
Total: 1.746700 ms (FindLiveObjects: 0.176300 ms CreateObjectMapping: 0.044300 ms MarkObjects: 1.424800 ms  DeleteObjects: 0.099900 ms)

========================================================================
Received Import Request.
  Time since last request: 7.876843 seconds.
  path: Assets/Prefabs/EnemyHealth.prefab
  artifactKey: Guid(855c3082d7dc6f04ebacd790860732f4) Importer(815301076,1909f56bfc062723c751e8b465ee728b)
Start importing Assets/Prefabs/EnemyHealth.prefab using Guid(855c3082d7dc6f04ebacd790860732f4) Importer(815301076,1909f56bfc062723c751e8b465ee728b)  -> (artifact id: '9cc802a6c175177b5b13431aa99c6dbf') in 0.024734 seconds
  Import took 0.026696 seconds .

========================================================================
Received Prepare
Registering precompiled user dll's ...
Registered in 0.000536 seconds.
Begin MonoManager ReloadAssembly
Native extension for WindowsStandalone target not found
Refreshing native plugins compatible for Editor in 0.26 ms, found 0 plugins.
Preloading 0 native plugins for Editor in 0.00 ms.
Invoked RoslynAnalysisRunner static constructor.
RoslynAnalysisRunner will not be running.
RoslynAnalysisRunner has terminated.
Mono: successfully reloaded assembly
- Completed reload, in  0.888 seconds
Platform modules already initialized, skipping
Refreshing native plugins compatible for Editor in 0.88 ms, found 0 plugins.
Preloading 0 native plugins for Editor in 0.00 ms.
Unloading 1094 Unused Serialized files (Serialized files now loaded: 0)
System memory in use before: 80.5 MB.
System memory in use after: 80.6 MB.

Unloading 5 unused Assets to reduce memory usage. Loaded Objects now: 1592.
Total: 4.465700 ms (FindLiveObjects: 0.422300 ms CreateObjectMapping: 0.060900 ms MarkObjects: 3.868700 ms  DeleteObjects: 0.108100 ms)

========================================================================
Received Import Request.
  Time since last request: 12.285968 seconds.
  path: Assets/Prefabs/EnemyHealth.prefab
  artifactKey: Guid(855c3082d7dc6f04ebacd790860732f4) Importer(815301076,1909f56bfc062723c751e8b465ee728b)
Start importing Assets/Prefabs/EnemyHealth.prefab using Guid(855c3082d7dc6f04ebacd790860732f4) Importer(815301076,1909f56bfc062723c751e8b465ee728b)  -> (artifact id: '4214d8a55f42c4e482f9732a283dfab1') in 0.031412 seconds
  Import took 0.033771 seconds .

========================================================================
Received Import Request.
  Time since last request: 0.059039 seconds.
  path: Assets/Prefabs/EnemyHealth.prefab
  artifactKey: Guid(855c3082d7dc6f04ebacd790860732f4) Importer(815301076,1909f56bfc062723c751e8b465ee728b)
Start importing Assets/Prefabs/EnemyHealth.prefab using Guid(855c3082d7dc6f04ebacd790860732f4) Importer(815301076,1909f56bfc062723c751e8b465ee728b)  -> (artifact id: '4214d8a55f42c4e482f9732a283dfab1') in 0.004259 seconds
  Import took 0.006527 seconds .

========================================================================
Received Prepare
Registering precompiled user dll's ...
Registered in 0.000541 seconds.
Begin MonoManager ReloadAssembly
Native extension for WindowsStandalone target not found
Refreshing native plugins compatible for Editor in 0.20 ms, found 0 plugins.
Preloading 0 native plugins for Editor in 0.00 ms.
Invoked RoslynAnalysisRunner static constructor.
RoslynAnalysisRunner will not be running.
RoslynAnalysisRunner has terminated.
Mono: successfully reloaded assembly
- Completed reload, in  0.782 seconds
Platform modules already initialized, skipping
Refreshing native plugins compatible for Editor in 0.22 ms, found 0 plugins.
Preloading 0 native plugins for Editor in 0.00 ms.
Unloading 1094 Unused Serialized files (Serialized files now loaded: 0)
System memory in use before: 80.0 MB.
System memory in use after: 80.0 MB.

Unloading 5 unused Assets to reduce memory usage. Loaded Objects now: 1594.
Total: 1.747900 ms (FindLiveObjects: 0.179500 ms CreateObjectMapping: 0.036400 ms MarkObjects: 1.467400 ms  DeleteObjects: 0.063600 ms)

========================================================================
Received Prepare
Registering precompiled user dll's ...
Registered in 0.000491 seconds.
Begin MonoManager ReloadAssembly
Native extension for WindowsStandalone target not found
Refreshing native plugins compatible for Editor in 0.21 ms, found 0 plugins.
Preloading 0 native plugins for Editor in 0.00 ms.
Invoked RoslynAnalysisRunner static constructor.
RoslynAnalysisRunner will not be running.
RoslynAnalysisRunner has terminated.
Mono: successfully reloaded assembly
- Completed reload, in  0.705 seconds
Platform modules already initialized, skipping
Refreshing native plugins compatible for Editor in 0.19 ms, found 0 plugins.
Preloading 0 native plugins for Editor in 0.00 ms.
Unloading 1094 Unused Serialized files (Serialized files now loaded: 0)
System memory in use before: 80.3 MB.
System memory in use after: 80.4 MB.

Unloading 5 unused Assets to reduce memory usage. Loaded Objects now: 1596.
Total: 1.942900 ms (FindLiveObjects: 0.292400 ms CreateObjectMapping: 0.066900 ms MarkObjects: 1.482300 ms  DeleteObjects: 0.099600 ms)

========================================================================
Received Prepare
Registering precompiled user dll's ...
Registered in 0.000654 seconds.
Begin MonoManager ReloadAssembly
Native extension for WindowsStandalone target not found
Refreshing native plugins compatible for Editor in 0.19 ms, found 0 plugins.
Preloading 0 native plugins for Editor in 0.00 ms.
Invoked RoslynAnalysisRunner static constructor.
RoslynAnalysisRunner will not be running.
RoslynAnalysisRunner has terminated.
Mono: successfully reloaded assembly
- Completed reload, in  0.713 seconds
Platform modules already initialized, skipping
Refreshing native plugins compatible for Editor in 0.22 ms, found 0 plugins.
Preloading 0 native plugins for Editor in 0.00 ms.
Unloading 1094 Unused Serialized files (Serialized files now loaded: 0)
System memory in use before: 80.6 MB.
System memory in use after: 80.7 MB.

Unloading 5 unused Assets to reduce memory usage. Loaded Objects now: 1598.
Total: 1.957100 ms (FindLiveObjects: 0.154000 ms CreateObjectMapping: 0.112300 ms MarkObjects: 1.610100 ms  DeleteObjects: 0.079000 ms)

========================================================================
Received Prepare
Registering precompiled user dll's ...
Registered in 0.000648 seconds.
Begin MonoManager ReloadAssembly
Native extension for WindowsStandalone target not found
Refreshing native plugins compatible for Editor in 0.27 ms, found 0 plugins.
Preloading 0 native plugins for Editor in 0.00 ms.
Invoked RoslynAnalysisRunner static constructor.
RoslynAnalysisRunner will not be running.
RoslynAnalysisRunner has terminated.
Mono: successfully reloaded assembly
- Completed reload, in  0.697 seconds
Platform modules already initialized, skipping
Refreshing native plugins compatible for Editor in 0.24 ms, found 0 plugins.
Preloading 0 native plugins for Editor in 0.00 ms.
Unloading 1094 Unused Serialized files (Serialized files now loaded: 0)
System memory in use before: 80.0 MB.
System memory in use after: 80.0 MB.

Unloading 5 unused Assets to reduce memory usage. Loaded Objects now: 1600.
Total: 2.147800 ms (FindLiveObjects: 0.195800 ms CreateObjectMapping: 0.056600 ms MarkObjects: 1.826600 ms  DeleteObjects: 0.067200 ms)

========================================================================
Received Prepare
Registering precompiled user dll's ...
Registered in 0.000682 seconds.
Begin MonoManager ReloadAssembly
Native extension for WindowsStandalone target not found
Refreshing native plugins compatible for Editor in 0.21 ms, found 0 plugins.
Preloading 0 native plugins for Editor in 0.00 ms.
Invoked RoslynAnalysisRunner static constructor.
RoslynAnalysisRunner will not be running.
RoslynAnalysisRunner has terminated.
Mono: successfully reloaded assembly
- Completed reload, in  0.724 seconds
Platform modules already initialized, skipping
Refreshing native plugins compatible for Editor in 0.25 ms, found 0 plugins.
Preloading 0 native plugins for Editor in 0.00 ms.
Unloading 1141 Unused Serialized files (Serialized files now loaded: 0)
System memory in use before: 82.9 MB.
System memory in use after: 82.4 MB.

Unloading 18 unused Assets to reduce memory usage. Loaded Objects now: 1636.
Total: 2.309400 ms (FindLiveObjects: 0.176600 ms CreateObjectMapping: 0.038400 ms MarkObjects: 1.753800 ms  DeleteObjects: 0.339200 ms)

========================================================================
Received Prepare
Registering precompiled user dll's ...
Registered in 0.000553 seconds.
Begin MonoManager ReloadAssembly
Native extension for WindowsStandalone target not found
Refreshing native plugins compatible for Editor in 0.20 ms, found 0 plugins.
Preloading 0 native plugins for Editor in 0.00 ms.
Invoked RoslynAnalysisRunner static constructor.
RoslynAnalysisRunner will not be running.
RoslynAnalysisRunner has terminated.
Mono: successfully reloaded assembly
- Completed reload, in  0.710 seconds
Platform modules already initialized, skipping
Refreshing native plugins compatible for Editor in 0.21 ms, found 0 plugins.
Preloading 0 native plugins for Editor in 0.00 ms.
Unloading 1141 Unused Serialized files (Serialized files now loaded: 0)
System memory in use before: 83.2 MB.
System memory in use after: 82.7 MB.

Unloading 18 unused Assets to reduce memory usage. Loaded Objects now: 1638.
Total: 2.431000 ms (FindLiveObjects: 0.172400 ms CreateObjectMapping: 0.047800 ms MarkObjects: 1.876000 ms  DeleteObjects: 0.333100 ms)

========================================================================
Received Import Request.
  Time since last request: 1136.123030 seconds.
  path: Assets/Prefabs/Coin.prefab
  artifactKey: Guid(e949af2319aa3ed4e9edb49275827885) Importer(815301076,1909f56bfc062723c751e8b465ee728b)
Start importing Assets/Prefabs/Coin.prefab using Guid(e949af2319aa3ed4e9edb49275827885) Importer(815301076,1909f56bfc062723c751e8b465ee728b)  -> (artifact id: 'bd44ed7324b5644d7c93e9a1ce731bb5') in 0.034522 seconds
  Import took 0.037859 seconds .

========================================================================
Received Prepare
Registering precompiled user dll's ...
Registered in 0.000591 seconds.
Begin MonoManager ReloadAssembly
Native extension for WindowsStandalone target not found
Refreshing native plugins compatible for Editor in 0.19 ms, found 0 plugins.
Preloading 0 native plugins for Editor in 0.00 ms.
Invoked RoslynAnalysisRunner static constructor.
RoslynAnalysisRunner will not be running.
RoslynAnalysisRunner has terminated.
Mono: successfully reloaded assembly
- Completed reload, in  0.651 seconds
Platform modules already initialized, skipping
Refreshing native plugins compatible for Editor in 0.24 ms, found 0 plugins.
Preloading 0 native plugins for Editor in 0.00 ms.
Unloading 1141 Unused Serialized files (Serialized files now loaded: 0)
System memory in use before: 82.5 MB.
System memory in use after: 82.0 MB.

Unloading 18 unused Assets to reduce memory usage. Loaded Objects now: 1640.
Total: 1.955700 ms (FindLiveObjects: 0.214700 ms CreateObjectMapping: 0.033400 ms MarkObjects: 1.388400 ms  DeleteObjects: 0.318600 ms)

========================================================================
Received Import Request.
  Time since last request: 32.120895 seconds.
  path: Assets/Prefabs/Coin 1.prefab
  artifactKey: Guid(06c2e31f0dc5d914ea4770128ac4da92) Importer(815301076,1909f56bfc062723c751e8b465ee728b)
Start importing Assets/Prefabs/Coin 1.prefab using Guid(06c2e31f0dc5d914ea4770128ac4da92) Importer(815301076,1909f56bfc062723c751e8b465ee728b)  -> (artifact id: '7372f1e1fc83c793ca084971dcc3ac6a') in 0.054462 seconds
  Import took 0.057135 seconds .

========================================================================
Received Import Request.
  Time since last request: 1.096898 seconds.
  path: Assets/Prefabs/Coin.prefab
  artifactKey: Guid(e949af2319aa3ed4e9edb49275827885) Importer(815301076,1909f56bfc062723c751e8b465ee728b)
Start importing Assets/Prefabs/Coin.prefab using Guid(e949af2319aa3ed4e9edb49275827885) Importer(815301076,1909f56bfc062723c751e8b465ee728b)  -> (artifact id: '114e1bd81cbf9fc4e1b1d8763284fb63') in 0.035140 seconds
  Import took 0.038419 seconds .

========================================================================
Received Import Request.
  Time since last request: 75.277045 seconds.
  path: Assets/Prefabs/Coin 1.prefab
  artifactKey: Guid(06c2e31f0dc5d914ea4770128ac4da92) Importer(815301076,1909f56bfc062723c751e8b465ee728b)
Start importing Assets/Prefabs/Coin 1.prefab using Guid(06c2e31f0dc5d914ea4770128ac4da92) Importer(815301076,1909f56bfc062723c751e8b465ee728b)  -> (artifact id: 'fd705e97ad336136c42a8deab4ffcc59') in 0.008441 seconds
  Import took 0.011673 seconds .

========================================================================
Received Import Request.
  Time since last request: 2.354879 seconds.
  path: Assets/Prefabs/Coin.prefab
  artifactKey: Guid(06c2e31f0dc5d914ea4770128ac4da92) Importer(815301076,1909f56bfc062723c751e8b465ee728b)
Start importing Assets/Prefabs/Coin.prefab using Guid(06c2e31f0dc5d914ea4770128ac4da92) Importer(815301076,1909f56bfc062723c751e8b465ee728b)  -> (artifact id: '906c84a3d89c216179b23aff8823ab52') in 0.008360 seconds
  Import took 0.010788 seconds .

========================================================================
Received Import Request.
  Time since last request: 36.292574 seconds.
  path: Assets/Prefabs/Coin.prefab
  artifactKey: Guid(06c2e31f0dc5d914ea4770128ac4da92) Importer(815301076,1909f56bfc062723c751e8b465ee728b)
Start importing Assets/Prefabs/Coin.prefab using Guid(06c2e31f0dc5d914ea4770128ac4da92) Importer(815301076,1909f56bfc062723c751e8b465ee728b)  -> (artifact id: 'f2c05dc23714a552e0149c589e0be580') in 0.008596 seconds
  Import took 0.011110 seconds .

========================================================================
Received Prepare
Registering precompiled user dll's ...
Registered in 0.000521 seconds.
Begin MonoManager ReloadAssembly
Native extension for WindowsStandalone target not found
Refreshing native plugins compatible for Editor in 0.22 ms, found 0 plugins.
Preloading 0 native plugins for Editor in 0.00 ms.
Invoked RoslynAnalysisRunner static constructor.
RoslynAnalysisRunner will not be running.
RoslynAnalysisRunner has terminated.
Mono: successfully reloaded assembly
- Completed reload, in  0.717 seconds
Platform modules already initialized, skipping
Refreshing native plugins compatible for Editor in 0.24 ms, found 0 plugins.
Preloading 0 native plugins for Editor in 0.00 ms.
Unloading 1141 Unused Serialized files (Serialized files now loaded: 0)
System memory in use before: 83.4 MB.
System memory in use after: 82.9 MB.

Unloading 18 unused Assets to reduce memory usage. Loaded Objects now: 1642.
Total: 1.936100 ms (FindLiveObjects: 0.178300 ms CreateObjectMapping: 0.035300 ms MarkObjects: 1.388000 ms  DeleteObjects: 0.332900 ms)

========================================================================
Received Import Request.
  Time since last request: 56.870905 seconds.
  path: Assets/Prefabs/Virus.prefab
  artifactKey: Guid(e67191cc803606b48b503b808a47cf68) Importer(815301076,1909f56bfc062723c751e8b465ee728b)
Start importing Assets/Prefabs/Virus.prefab using Guid(e67191cc803606b48b503b808a47cf68) Importer(815301076,1909f56bfc062723c751e8b465ee728b)  -> (artifact id: '59f9d4a42ca3df4e68d48b467bacd689') in 0.090316 seconds
  Import took 0.092380 seconds .

========================================================================
Received Import Request.
  Time since last request: 1.915512 seconds.
  path: Assets/Prefabs/Virus.prefab
  artifactKey: Guid(e67191cc803606b48b503b808a47cf68) Importer(815301076,1909f56bfc062723c751e8b465ee728b)
Start importing Assets/Prefabs/Virus.prefab using Guid(e67191cc803606b48b503b808a47cf68) Importer(815301076,1909f56bfc062723c751e8b465ee728b)  -> (artifact id: '6f1330f8ded4b8951d10594c70fa1df5') in 0.013451 seconds
  Import took 0.015651 seconds .

========================================================================
Received Import Request.
  Time since last request: 3.343131 seconds.
  path: Assets/Prefabs/Virus.prefab
  artifactKey: Guid(e67191cc803606b48b503b808a47cf68) Importer(815301076,1909f56bfc062723c751e8b465ee728b)
Start importing Assets/Prefabs/Virus.prefab using Guid(e67191cc803606b48b503b808a47cf68) Importer(815301076,1909f56bfc062723c751e8b465ee728b)  -> (artifact id: '32ba979fddd63a3b6cb8e1ffb18077a5') in 0.013399 seconds
  Import took 0.016194 seconds .

========================================================================
Received Prepare
Registering precompiled user dll's ...
Registered in 0.002112 seconds.
Begin MonoManager ReloadAssembly
Native extension for WindowsStandalone target not found
Refreshing native plugins compatible for Editor in 0.27 ms, found 0 plugins.
Preloading 0 native plugins for Editor in 0.00 ms.
Invoked RoslynAnalysisRunner static constructor.
RoslynAnalysisRunner will not be running.
RoslynAnalysisRunner has terminated.
Mono: successfully reloaded assembly
- Completed reload, in  1.088 seconds
Platform modules already initialized, skipping
Refreshing native plugins compatible for Editor in 0.38 ms, found 0 plugins.
Preloading 0 native plugins for Editor in 0.00 ms.
Unloading 1141 Unused Serialized files (Serialized files now loaded: 0)
System memory in use before: 83.7 MB.
System memory in use after: 83.2 MB.

Unloading 18 unused Assets to reduce memory usage. Loaded Objects now: 1645.
Total: 7.061900 ms (FindLiveObjects: 1.105900 ms CreateObjectMapping: 0.365000 ms MarkObjects: 4.636500 ms  DeleteObjects: 0.948900 ms)

========================================================================
Received Import Request.
  Time since last request: 42.205119 seconds.
  path: Assets/Animations/UpgradeTimer.anim
  artifactKey: Guid(499ae8590c5d67d44a8cceb4349bee58) Importer(815301076,1909f56bfc062723c751e8b465ee728b)
Start importing Assets/Animations/UpgradeTimer.anim using Guid(499ae8590c5d67d44a8cceb4349bee58) Importer(815301076,1909f56bfc062723c751e8b465ee728b)  -> (artifact id: '86efaa3b74aac861e83a280bc906b540') in 0.021491 seconds
  Import took 0.023702 seconds .

========================================================================
Received Import Request.
  Time since last request: 0.361671 seconds.
  path: Assets/Animations/Coin.controller
  artifactKey: Guid(34515594fe33a0b4b98e6262c3df3575) Importer(815301076,1909f56bfc062723c751e8b465ee728b)
Start importing Assets/Animations/Coin.controller using Guid(34515594fe33a0b4b98e6262c3df3575) Importer(815301076,1909f56bfc062723c751e8b465ee728b)  -> (artifact id: '9afb4eadf4da8d65b13fc0cf765d07c9') in 0.006068 seconds
  Import took 0.008319 seconds .

========================================================================
Received Import Request.
  Time since last request: 0.000526 seconds.
  path: Assets/Animations/Coin.controller
  artifactKey: Guid(34515594fe33a0b4b98e6262c3df3575) Importer(815301076,1909f56bfc062723c751e8b465ee728b)
Start importing Assets/Animations/Coin.controller using Guid(34515594fe33a0b4b98e6262c3df3575) Importer(815301076,1909f56bfc062723c751e8b465ee728b)  -> (artifact id: '9afb4eadf4da8d65b13fc0cf765d07c9') in 0.003010 seconds
  Import took 0.005210 seconds .

========================================================================
Received Prepare
Registering precompiled user dll's ...
Registered in 0.000545 seconds.
Begin MonoManager ReloadAssembly
Native extension for WindowsStandalone target not found
Refreshing native plugins compatible for Editor in 0.21 ms, found 0 plugins.
Preloading 0 native plugins for Editor in 0.00 ms.
Invoked RoslynAnalysisRunner static constructor.
RoslynAnalysisRunner will not be running.
RoslynAnalysisRunner has terminated.
Mono: successfully reloaded assembly
- Completed reload, in  0.716 seconds
Platform modules already initialized, skipping
Refreshing native plugins compatible for Editor in 0.24 ms, found 0 plugins.
Preloading 0 native plugins for Editor in 0.00 ms.
Unloading 1141 Unused Serialized files (Serialized files now loaded: 0)
System memory in use before: 83.8 MB.
System memory in use after: 83.3 MB.

Unloading 18 unused Assets to reduce memory usage. Loaded Objects now: 1647.
Total: 2.093500 ms (FindLiveObjects: 0.415600 ms CreateObjectMapping: 0.048200 ms MarkObjects: 1.306100 ms  DeleteObjects: 0.319900 ms)

========================================================================
Received Prepare
Registering precompiled user dll's ...
Registered in 0.000453 seconds.
Begin MonoManager ReloadAssembly
Native extension for WindowsStandalone target not found
Refreshing native plugins compatible for Editor in 0.21 ms, found 0 plugins.
Preloading 0 native plugins for Editor in 0.00 ms.
Invoked RoslynAnalysisRunner static constructor.
RoslynAnalysisRunner will not be running.
RoslynAnalysisRunner has terminated.
Mono: successfully reloaded assembly
- Completed reload, in  0.673 seconds
Platform modules already initialized, skipping
Refreshing native plugins compatible for Editor in 0.28 ms, found 0 plugins.
Preloading 0 native plugins for Editor in 0.00 ms.
Unloading 1141 Unused Serialized files (Serialized files now loaded: 0)
System memory in use before: 83.3 MB.
System memory in use after: 82.8 MB.

Unloading 18 unused Assets to reduce memory usage. Loaded Objects now: 1649.
Total: 2.283400 ms (FindLiveObjects: 0.318200 ms CreateObjectMapping: 0.123400 ms MarkObjects: 1.441200 ms  DeleteObjects: 0.398700 ms)

========================================================================
Received Prepare
Registering precompiled user dll's ...
Registered in 0.000561 seconds.
Begin MonoManager ReloadAssembly
Native extension for WindowsStandalone target not found
Refreshing native plugins compatible for Editor in 0.23 ms, found 0 plugins.
Preloading 0 native plugins for Editor in 0.00 ms.
Invoked RoslynAnalysisRunner static constructor.
RoslynAnalysisRunner will not be running.
RoslynAnalysisRunner has terminated.
Mono: successfully reloaded assembly
- Completed reload, in  0.775 seconds
Platform modules already initialized, skipping
Refreshing native plugins compatible for Editor in 0.23 ms, found 0 plugins.
Preloading 0 native plugins for Editor in 0.00 ms.
Unloading 1141 Unused Serialized files (Serialized files now loaded: 0)
System memory in use before: 83.7 MB.
System memory in use after: 83.1 MB.

Unloading 18 unused Assets to reduce memory usage. Loaded Objects now: 1651.
Total: 2.259400 ms (FindLiveObjects: 0.210100 ms CreateObjectMapping: 0.044800 ms MarkObjects: 1.626100 ms  DeleteObjects: 0.377400 ms)

========================================================================
Received Prepare
Registering precompiled user dll's ...
Registered in 0.000524 seconds.
Begin MonoManager ReloadAssembly
Native extension for WindowsStandalone target not found
Refreshing native plugins compatible for Editor in 0.20 ms, found 0 plugins.
Preloading 0 native plugins for Editor in 0.00 ms.
Invoked RoslynAnalysisRunner static constructor.
RoslynAnalysisRunner will not be running.
RoslynAnalysisRunner has terminated.
Mono: successfully reloaded assembly
- Completed reload, in  0.694 seconds
Platform modules already initialized, skipping
Refreshing native plugins compatible for Editor in 0.31 ms, found 0 plugins.
Preloading 0 native plugins for Editor in 0.00 ms.
Unloading 1141 Unused Serialized files (Serialized files now loaded: 0)
System memory in use before: 83.7 MB.
System memory in use after: 83.2 MB.

Unloading 18 unused Assets to reduce memory usage. Loaded Objects now: 1653.
Total: 4.906900 ms (FindLiveObjects: 0.349800 ms CreateObjectMapping: 0.119000 ms MarkObjects: 3.816500 ms  DeleteObjects: 0.619400 ms)

========================================================================
Received Prepare
Registering precompiled user dll's ...
Registered in 0.000469 seconds.
Begin MonoManager ReloadAssembly
Native extension for WindowsStandalone target not found
Refreshing native plugins compatible for Editor in 0.20 ms, found 0 plugins.
Preloading 0 native plugins for Editor in 0.00 ms.
Invoked RoslynAnalysisRunner static constructor.
RoslynAnalysisRunner will not be running.
RoslynAnalysisRunner has terminated.
Mono: successfully reloaded assembly
- Completed reload, in  0.654 seconds
Platform modules already initialized, skipping
Refreshing native plugins compatible for Editor in 0.44 ms, found 0 plugins.
Preloading 0 native plugins for Editor in 0.00 ms.
Unloading 1141 Unused Serialized files (Serialized files now loaded: 0)
System memory in use before: 83.3 MB.
System memory in use after: 82.8 MB.

Unloading 18 unused Assets to reduce memory usage. Loaded Objects now: 1655.
Total: 2.086700 ms (FindLiveObjects: 0.253200 ms CreateObjectMapping: 0.066200 ms MarkObjects: 1.426800 ms  DeleteObjects: 0.339300 ms)

========================================================================
Received Prepare
Registering precompiled user dll's ...
Registered in 0.000579 seconds.
Begin MonoManager ReloadAssembly
Native extension for WindowsStandalone target not found
Refreshing native plugins compatible for Editor in 0.20 ms, found 0 plugins.
Preloading 0 native plugins for Editor in 0.00 ms.
Invoked RoslynAnalysisRunner static constructor.
RoslynAnalysisRunner will not be running.
RoslynAnalysisRunner has terminated.
Mono: successfully reloaded assembly
- Completed reload, in  0.648 seconds
Platform modules already initialized, skipping
Refreshing native plugins compatible for Editor in 0.42 ms, found 0 plugins.
Preloading 0 native plugins for Editor in 0.00 ms.
Unloading 1141 Unused Serialized files (Serialized files now loaded: 0)
System memory in use before: 83.6 MB.
System memory in use after: 83.1 MB.

Unloading 18 unused Assets to reduce memory usage. Loaded Objects now: 1657.
Total: 1.841700 ms (FindLiveObjects: 0.162000 ms CreateObjectMapping: 0.044000 ms MarkObjects: 1.273300 ms  DeleteObjects: 0.360900 ms)

========================================================================
Received Prepare
Registering precompiled user dll's ...
Registered in 0.000766 seconds.
Begin MonoManager ReloadAssembly
Native extension for WindowsStandalone target not found
Refreshing native plugins compatible for Editor in 0.22 ms, found 0 plugins.
Preloading 0 native plugins for Editor in 0.00 ms.
Invoked RoslynAnalysisRunner static constructor.
RoslynAnalysisRunner will not be running.
RoslynAnalysisRunner has terminated.
Mono: successfully reloaded assembly
- Completed reload, in  0.710 seconds
Platform modules already initialized, skipping
Refreshing native plugins compatible for Editor in 0.24 ms, found 0 plugins.
Preloading 0 native plugins for Editor in 0.00 ms.
Unloading 1141 Unused Serialized files (Serialized files now loaded: 0)
System memory in use before: 83.8 MB.
System memory in use after: 83.2 MB.

Unloading 18 unused Assets to reduce memory usage. Loaded Objects now: 1659.
Total: 1.992000 ms (FindLiveObjects: 0.230400 ms CreateObjectMapping: 0.054600 ms MarkObjects: 1.366600 ms  DeleteObjects: 0.337700 ms)

========================================================================
Received Prepare
Registering precompiled user dll's ...
Registered in 0.000821 seconds.
Begin MonoManager ReloadAssembly
Native extension for WindowsStandalone target not found
Refreshing native plugins compatible for Editor in 0.31 ms, found 0 plugins.
Preloading 0 native plugins for Editor in 0.00 ms.
Invoked RoslynAnalysisRunner static constructor.
RoslynAnalysisRunner will not be running.
RoslynAnalysisRunner has terminated.
Mono: successfully reloaded assembly
- Completed reload, in  0.673 seconds
Platform modules already initialized, skipping
Refreshing native plugins compatible for Editor in 0.24 ms, found 0 plugins.
Preloading 0 native plugins for Editor in 0.00 ms.
Unloading 1141 Unused Serialized files (Serialized files now loaded: 0)
System memory in use before: 83.3 MB.
System memory in use after: 82.8 MB.

Unloading 18 unused Assets to reduce memory usage. Loaded Objects now: 1661.
Total: 2.141000 ms (FindLiveObjects: 0.163000 ms CreateObjectMapping: 0.038600 ms MarkObjects: 1.555300 ms  DeleteObjects: 0.382800 ms)

========================================================================
Received Prepare
Registering precompiled user dll's ...
Registered in 0.000555 seconds.
Begin MonoManager ReloadAssembly
Native extension for WindowsStandalone target not found
Refreshing native plugins compatible for Editor in 0.20 ms, found 0 plugins.
Preloading 0 native plugins for Editor in 0.00 ms.
Invoked RoslynAnalysisRunner static constructor.
RoslynAnalysisRunner will not be running.
RoslynAnalysisRunner has terminated.
Mono: successfully reloaded assembly
- Completed reload, in  0.676 seconds
Platform modules already initialized, skipping
Refreshing native plugins compatible for Editor in 0.22 ms, found 0 plugins.
Preloading 0 native plugins for Editor in 0.00 ms.
Unloading 1141 Unused Serialized files (Serialized files now loaded: 0)
System memory in use before: 83.6 MB.
System memory in use after: 83.1 MB.

Unloading 18 unused Assets to reduce memory usage. Loaded Objects now: 1663.
Total: 1.863300 ms (FindLiveObjects: 0.175400 ms CreateObjectMapping: 0.045500 ms MarkObjects: 1.307300 ms  DeleteObjects: 0.318500 ms)

========================================================================
Received Import Request.
  Time since last request: 1602.050715 seconds.
  path: ProjectSettings/TagManager.asset
  artifactKey: Guid(00000000000000003000000000000000) Importer(815301076,1909f56bfc062723c751e8b465ee728b)
Start importing ProjectSettings/TagManager.asset using Guid(00000000000000003000000000000000) Importer(815301076,1909f56bfc062723c751e8b465ee728b)  -> (artifact id: '1503c0dd837d71644d7d2928cc094110') in 0.018599 seconds
  Import took 0.021755 seconds .

========================================================================
Received Import Request.
  Time since last request: 40.802194 seconds.
  path: Assets/Prefabs/CooldownUP.prefab
  artifactKey: Guid(47555480ad47c37448b0982d150331fd) Importer(815301076,1909f56bfc062723c751e8b465ee728b)
Start importing Assets/Prefabs/CooldownUP.prefab using Guid(47555480ad47c37448b0982d150331fd) Importer(815301076,1909f56bfc062723c751e8b465ee728b)  -> (artifact id: '08c973349b9e6031eaefc8f662209793') in 0.061872 seconds
  Import took 0.064527 seconds .

========================================================================
Received Import Request.
  Time since last request: 2.953147 seconds.
  path: Assets/Prefabs/CoinUP.prefab
  artifactKey: Guid(e6802126d99587c49953be68d6a5d7a3) Importer(815301076,1909f56bfc062723c751e8b465ee728b)
Start importing Assets/Prefabs/CoinUP.prefab using Guid(e6802126d99587c49953be68d6a5d7a3) Importer(815301076,1909f56bfc062723c751e8b465ee728b)  -> (artifact id: '9a2a403d5180fdf16617bbf1cec812af') in 0.021056 seconds
  Import took 0.024291 seconds .

========================================================================
Received Import Request.
  Time since last request: 0.001782 seconds.
  path: Assets/Prefabs/CoinUP.prefab
  artifactKey: Guid(e6802126d99587c49953be68d6a5d7a3) Importer(815301076,1909f56bfc062723c751e8b465ee728b)
Start importing Assets/Prefabs/CoinUP.prefab using Guid(e6802126d99587c49953be68d6a5d7a3) Importer(815301076,1909f56bfc062723c751e8b465ee728b)  -> (artifact id: '9a2a403d5180fdf16617bbf1cec812af') in 0.012854 seconds
  Import took 0.015738 seconds .

========================================================================
Received Import Request.
  Time since last request: 3.160888 seconds.
  path: Assets/Prefabs/CooldownUP.prefab
  artifactKey: Guid(47555480ad47c37448b0982d150331fd) Importer(815301076,1909f56bfc062723c751e8b465ee728b)
Start importing Assets/Prefabs/CooldownUP.prefab using Guid(47555480ad47c37448b0982d150331fd) Importer(815301076,1909f56bfc062723c751e8b465ee728b)  -> (artifact id: '61444d0f3f6844acdfbc2dcaeab136b1') in 0.011066 seconds
  Import took 0.014983 seconds .

========================================================================
Received Import Request.
  Time since last request: 3.013434 seconds.
  path: Assets/Prefabs/DamageUP.prefab
  artifactKey: Guid(a462566c36438d4478073757f130ce2e) Importer(815301076,1909f56bfc062723c751e8b465ee728b)
Start importing Assets/Prefabs/DamageUP.prefab using Guid(a462566c36438d4478073757f130ce2e) Importer(815301076,1909f56bfc062723c751e8b465ee728b)  -> (artifact id: '3d402d272cb1b09906ff0eedfd9e5d03') in 0.022073 seconds
  Import took 0.024794 seconds .

========================================================================
Received Import Request.
  Time since last request: 42.629171 seconds.
  path: Assets/Prefabs/Coin.prefab
  artifactKey: Guid(06c2e31f0dc5d914ea4770128ac4da92) Importer(815301076,1909f56bfc062723c751e8b465ee728b)
Start importing Assets/Prefabs/Coin.prefab using Guid(06c2e31f0dc5d914ea4770128ac4da92) Importer(815301076,1909f56bfc062723c751e8b465ee728b)  -> (artifact id: '9be989cae53d5c3b5767d7e7ccda09df') in 0.046308 seconds
  Import took 0.049665 seconds .

========================================================================
Received Import Request.
  Time since last request: 0.001368 seconds.
  path: Assets/Prefabs/Coin.prefab
  artifactKey: Guid(06c2e31f0dc5d914ea4770128ac4da92) Importer(815301076,1909f56bfc062723c751e8b465ee728b)
Start importing Assets/Prefabs/Coin.prefab using Guid(06c2e31f0dc5d914ea4770128ac4da92) Importer(815301076,1909f56bfc062723c751e8b465ee728b)  -> (artifact id: '9be989cae53d5c3b5767d7e7ccda09df') in 0.022153 seconds
  Import took 0.025898 seconds .

========================================================================
Received Prepare
Registering precompiled user dll's ...
Registered in 0.000484 seconds.
Begin MonoManager ReloadAssembly
Native extension for WindowsStandalone target not found
Refreshing native plugins compatible for Editor in 0.19 ms, found 0 plugins.
Preloading 0 native plugins for Editor in 0.00 ms.
Invoked RoslynAnalysisRunner static constructor.
RoslynAnalysisRunner will not be running.
RoslynAnalysisRunner has terminated.
Mono: successfully reloaded assembly
- Completed reload, in  0.673 seconds
Platform modules already initialized, skipping
Refreshing native plugins compatible for Editor in 0.31 ms, found 0 plugins.
Preloading 0 native plugins for Editor in 0.00 ms.
Unloading 1141 Unused Serialized files (Serialized files now loaded: 0)
System memory in use before: 83.8 MB.
System memory in use after: 83.3 MB.

Unloading 19 unused Assets to reduce memory usage. Loaded Objects now: 1666.
Total: 2.185500 ms (FindLiveObjects: 0.221300 ms CreateObjectMapping: 0.065800 ms MarkObjects: 1.548900 ms  DeleteObjects: 0.348600 ms)

========================================================================
Received Prepare
Registering precompiled user dll's ...
Registered in 0.000614 seconds.
Begin MonoManager ReloadAssembly
Native extension for WindowsStandalone target not found
Refreshing native plugins compatible for Editor in 0.21 ms, found 0 plugins.
Preloading 0 native plugins for Editor in 0.00 ms.
Invoked RoslynAnalysisRunner static constructor.
RoslynAnalysisRunner will not be running.
RoslynAnalysisRunner has terminated.
Mono: successfully reloaded assembly
- Completed reload, in  0.729 seconds
Platform modules already initialized, skipping
Refreshing native plugins compatible for Editor in 0.26 ms, found 0 plugins.
Preloading 0 native plugins for Editor in 0.00 ms.
Unloading 1141 Unused Serialized files (Serialized files now loaded: 0)
System memory in use before: 83.3 MB.
System memory in use after: 82.7 MB.

Unloading 18 unused Assets to reduce memory usage. Loaded Objects now: 1668.
Total: 2.128400 ms (FindLiveObjects: 0.215000 ms CreateObjectMapping: 0.045500 ms MarkObjects: 1.509500 ms  DeleteObjects: 0.356100 ms)

========================================================================
Received Prepare
Registering precompiled user dll's ...
Registered in 0.000760 seconds.
Begin MonoManager ReloadAssembly
Native extension for WindowsStandalone target not found
Refreshing native plugins compatible for Editor in 0.21 ms, found 0 plugins.
Preloading 0 native plugins for Editor in 0.00 ms.
Invoked RoslynAnalysisRunner static constructor.
RoslynAnalysisRunner will not be running.
RoslynAnalysisRunner has terminated.
Mono: successfully reloaded assembly
- Completed reload, in  0.722 seconds
Platform modules already initialized, skipping
Refreshing native plugins compatible for Editor in 0.21 ms, found 0 plugins.
Preloading 0 native plugins for Editor in 0.00 ms.
Unloading 1141 Unused Serialized files (Serialized files now loaded: 0)
System memory in use before: 83.6 MB.
System memory in use after: 83.1 MB.

Unloading 18 unused Assets to reduce memory usage. Loaded Objects now: 1670.
Total: 1.921000 ms (FindLiveObjects: 0.174900 ms CreateObjectMapping: 0.044000 ms MarkObjects: 1.373200 ms  DeleteObjects: 0.327700 ms)

========================================================================
Received Prepare
Registering precompiled user dll's ...
Registered in 0.001285 seconds.
Begin MonoManager ReloadAssembly
Native extension for WindowsStandalone target not found
Refreshing native plugins compatible for Editor in 0.25 ms, found 0 plugins.
Preloading 0 native plugins for Editor in 0.00 ms.
Invoked RoslynAnalysisRunner static constructor.
RoslynAnalysisRunner will not be running.
RoslynAnalysisRunner has terminated.
Mono: successfully reloaded assembly
- Completed reload, in  0.820 seconds
Platform modules already initialized, skipping
Refreshing native plugins compatible for Editor in 0.23 ms, found 0 plugins.
Preloading 0 native plugins for Editor in 0.00 ms.
Unloading 1141 Unused Serialized files (Serialized files now loaded: 0)
System memory in use before: 83.8 MB.
System memory in use after: 83.3 MB.

Unloading 18 unused Assets to reduce memory usage. Loaded Objects now: 1672.
Total: 3.167400 ms (FindLiveObjects: 0.217600 ms CreateObjectMapping: 0.068500 ms MarkObjects: 2.287800 ms  DeleteObjects: 0.591800 ms)

========================================================================
Received Prepare
Registering precompiled user dll's ...
Registered in 0.000596 seconds.
Begin MonoManager ReloadAssembly
Native extension for WindowsStandalone target not found
Refreshing native plugins compatible for Editor in 0.21 ms, found 0 plugins.
Preloading 0 native plugins for Editor in 0.00 ms.
Invoked RoslynAnalysisRunner static constructor.
RoslynAnalysisRunner will not be running.
RoslynAnalysisRunner has terminated.
Mono: successfully reloaded assembly
- Completed reload, in  0.738 seconds
Platform modules already initialized, skipping
Refreshing native plugins compatible for Editor in 0.21 ms, found 0 plugins.
Preloading 0 native plugins for Editor in 0.00 ms.
Unloading 1141 Unused Serialized files (Serialized files now loaded: 0)
System memory in use before: 83.2 MB.
System memory in use after: 82.7 MB.

Unloading 18 unused Assets to reduce memory usage. Loaded Objects now: 1674.
Total: 2.840000 ms (FindLiveObjects: 0.810400 ms CreateObjectMapping: 0.208000 ms MarkObjects: 1.486900 ms  DeleteObjects: 0.333900 ms)

========================================================================
Received Prepare
Registering precompiled user dll's ...
Registered in 0.000628 seconds.
Begin MonoManager ReloadAssembly
Native extension for WindowsStandalone target not found
Refreshing native plugins compatible for Editor in 0.23 ms, found 0 plugins.
Preloading 0 native plugins for Editor in 0.00 ms.
Invoked RoslynAnalysisRunner static constructor.
RoslynAnalysisRunner will not be running.
RoslynAnalysisRunner has terminated.
Mono: successfully reloaded assembly
- Completed reload, in  0.877 seconds
Platform modules already initialized, skipping
Refreshing native plugins compatible for Editor in 0.20 ms, found 0 plugins.
Preloading 0 native plugins for Editor in 0.00 ms.
Unloading 1141 Unused Serialized files (Serialized files now loaded: 0)
System memory in use before: 83.5 MB.
System memory in use after: 83.0 MB.

Unloading 18 unused Assets to reduce memory usage. Loaded Objects now: 1676.
Total: 2.149600 ms (FindLiveObjects: 0.159900 ms CreateObjectMapping: 0.049200 ms MarkObjects: 1.555900 ms  DeleteObjects: 0.383000 ms)

========================================================================
Received Prepare
Registering precompiled user dll's ...
Registered in 0.000601 seconds.
Begin MonoManager ReloadAssembly
Native extension for WindowsStandalone target not found
Refreshing native plugins compatible for Editor in 0.22 ms, found 0 plugins.
Preloading 0 native plugins for Editor in 0.00 ms.
Invoked RoslynAnalysisRunner static constructor.
RoslynAnalysisRunner will not be running.
RoslynAnalysisRunner has terminated.
Mono: successfully reloaded assembly
- Completed reload, in  0.829 seconds
Platform modules already initialized, skipping
Refreshing native plugins compatible for Editor in 0.23 ms, found 0 plugins.
Preloading 0 native plugins for Editor in 0.00 ms.
Unloading 1141 Unused Serialized files (Serialized files now loaded: 0)
System memory in use before: 83.8 MB.
System memory in use after: 83.3 MB.

Unloading 18 unused Assets to reduce memory usage. Loaded Objects now: 1678.
Total: 1.867700 ms (FindLiveObjects: 0.141900 ms CreateObjectMapping: 0.029500 ms MarkObjects: 1.377200 ms  DeleteObjects: 0.318200 ms)

========================================================================
Received Prepare
Registering precompiled user dll's ...
Registered in 0.000631 seconds.
Begin MonoManager ReloadAssembly
Native extension for WindowsStandalone target not found
Refreshing native plugins compatible for Editor in 0.38 ms, found 0 plugins.
Preloading 0 native plugins for Editor in 0.00 ms.
Invoked RoslynAnalysisRunner static constructor.
RoslynAnalysisRunner will not be running.
RoslynAnalysisRunner has terminated.
Mono: successfully reloaded assembly
- Completed reload, in  0.875 seconds
Platform modules already initialized, skipping
Refreshing native plugins compatible for Editor in 0.25 ms, found 0 plugins.
Preloading 0 native plugins for Editor in 0.00 ms.
Unloading 1141 Unused Serialized files (Serialized files now loaded: 0)
System memory in use before: 83.2 MB.
System memory in use after: 82.7 MB.

Unloading 18 unused Assets to reduce memory usage. Loaded Objects now: 1680.
Total: 2.427900 ms (FindLiveObjects: 0.190300 ms CreateObjectMapping: 0.051400 ms MarkObjects: 1.768300 ms  DeleteObjects: 0.416600 ms)

========================================================================
Received Prepare
Registering precompiled user dll's ...
Registered in 0.000546 seconds.
Begin MonoManager ReloadAssembly
Native extension for WindowsStandalone target not found
Refreshing native plugins compatible for Editor in 0.32 ms, found 0 plugins.
Preloading 0 native plugins for Editor in 0.00 ms.
Invoked RoslynAnalysisRunner static constructor.
RoslynAnalysisRunner will not be running.
RoslynAnalysisRunner has terminated.
Mono: successfully reloaded assembly
- Completed reload, in  0.761 seconds
Platform modules already initialized, skipping
Refreshing native plugins compatible for Editor in 0.22 ms, found 0 plugins.
Preloading 0 native plugins for Editor in 0.00 ms.
Unloading 1141 Unused Serialized files (Serialized files now loaded: 0)
System memory in use before: 83.5 MB.
System memory in use after: 83.0 MB.

Unloading 18 unused Assets to reduce memory usage. Loaded Objects now: 1682.
Total: 2.335800 ms (FindLiveObjects: 0.407900 ms CreateObjectMapping: 0.042600 ms MarkObjects: 1.521400 ms  DeleteObjects: 0.362500 ms)

========================================================================
Received Prepare
Registering precompiled user dll's ...
Registered in 0.000611 seconds.
Begin MonoManager ReloadAssembly
Native extension for WindowsStandalone target not found
Refreshing native plugins compatible for Editor in 0.21 ms, found 0 plugins.
Preloading 0 native plugins for Editor in 0.00 ms.
Invoked RoslynAnalysisRunner static constructor.
RoslynAnalysisRunner will not be running.
RoslynAnalysisRunner has terminated.
Mono: successfully reloaded assembly
- Completed reload, in  0.751 seconds
Platform modules already initialized, skipping
Refreshing native plugins compatible for Editor in 0.22 ms, found 0 plugins.
Preloading 0 native plugins for Editor in 0.00 ms.
Unloading 1141 Unused Serialized files (Serialized files now loaded: 0)
System memory in use before: 83.8 MB.
System memory in use after: 83.3 MB.

Unloading 18 unused Assets to reduce memory usage. Loaded Objects now: 1684.
Total: 2.226700 ms (FindLiveObjects: 0.241000 ms CreateObjectMapping: 0.066800 ms MarkObjects: 1.549100 ms  DeleteObjects: 0.367500 ms)

========================================================================
Received Prepare
Registering precompiled user dll's ...
Registered in 0.000909 seconds.
Begin MonoManager ReloadAssembly
Native extension for WindowsStandalone target not found
Refreshing native plugins compatible for Editor in 0.24 ms, found 0 plugins.
Preloading 0 native plugins for Editor in 0.00 ms.
Invoked RoslynAnalysisRunner static constructor.
RoslynAnalysisRunner will not be running.
RoslynAnalysisRunner has terminated.
Mono: successfully reloaded assembly
- Completed reload, in  0.790 seconds
Platform modules already initialized, skipping
Refreshing native plugins compatible for Editor in 0.27 ms, found 0 plugins.
Preloading 0 native plugins for Editor in 0.00 ms.
Unloading 1141 Unused Serialized files (Serialized files now loaded: 0)
System memory in use before: 83.2 MB.
System memory in use after: 82.7 MB.

Unloading 18 unused Assets to reduce memory usage. Loaded Objects now: 1686.
Total: 2.341900 ms (FindLiveObjects: 0.232400 ms CreateObjectMapping: 0.060800 ms MarkObjects: 1.645600 ms  DeleteObjects: 0.401300 ms)

========================================================================
Received Prepare
Registering precompiled user dll's ...
Registered in 0.000465 seconds.
Begin MonoManager ReloadAssembly
Native extension for WindowsStandalone target not found
Refreshing native plugins compatible for Editor in 0.24 ms, found 0 plugins.
Preloading 0 native plugins for Editor in 0.00 ms.
Invoked RoslynAnalysisRunner static constructor.
RoslynAnalysisRunner will not be running.
RoslynAnalysisRunner has terminated.
Mono: successfully reloaded assembly
- Completed reload, in  0.687 seconds
Platform modules already initialized, skipping
Refreshing native plugins compatible for Editor in 0.21 ms, found 0 plugins.
Preloading 0 native plugins for Editor in 0.00 ms.
Unloading 1141 Unused Serialized files (Serialized files now loaded: 0)
System memory in use before: 83.5 MB.
System memory in use after: 83.0 MB.

Unloading 18 unused Assets to reduce memory usage. Loaded Objects now: 1688.
Total: 1.925100 ms (FindLiveObjects: 0.168700 ms CreateObjectMapping: 0.040200 ms MarkObjects: 1.373000 ms  DeleteObjects: 0.341700 ms)

========================================================================
Received Prepare
Registering precompiled user dll's ...
Registered in 0.000555 seconds.
Begin MonoManager ReloadAssembly
Native extension for WindowsStandalone target not found
Refreshing native plugins compatible for Editor in 0.22 ms, found 0 plugins.
Preloading 0 native plugins for Editor in 0.00 ms.
Invoked RoslynAnalysisRunner static constructor.
RoslynAnalysisRunner will not be running.
RoslynAnalysisRunner has terminated.
Mono: successfully reloaded assembly
- Completed reload, in  0.693 seconds
Platform modules already initialized, skipping
Refreshing native plugins compatible for Editor in 0.21 ms, found 0 plugins.
Preloading 0 native plugins for Editor in 0.00 ms.
Unloading 1141 Unused Serialized files (Serialized files now loaded: 0)
System memory in use before: 83.8 MB.
System memory in use after: 83.3 MB.

Unloading 18 unused Assets to reduce memory usage. Loaded Objects now: 1690.
Total: 2.163200 ms (FindLiveObjects: 0.187500 ms CreateObjectMapping: 0.040500 ms MarkObjects: 1.560500 ms  DeleteObjects: 0.372200 ms)

========================================================================
Received Prepare
Registering precompiled user dll's ...
Registered in 0.000541 seconds.
Begin MonoManager ReloadAssembly
Native extension for WindowsStandalone target not found
Refreshing native plugins compatible for Editor in 0.27 ms, found 0 plugins.
Preloading 0 native plugins for Editor in 0.00 ms.
Invoked RoslynAnalysisRunner static constructor.
RoslynAnalysisRunner will not be running.
RoslynAnalysisRunner has terminated.
Mono: successfully reloaded assembly
- Completed reload, in  0.668 seconds
Platform modules already initialized, skipping
Refreshing native plugins compatible for Editor in 0.24 ms, found 0 plugins.
Preloading 0 native plugins for Editor in 0.00 ms.
Unloading 1141 Unused Serialized files (Serialized files now loaded: 0)
System memory in use before: 83.8 MB.
System memory in use after: 83.3 MB.

Unloading 18 unused Assets to reduce memory usage. Loaded Objects now: 1692.
Total: 1.884700 ms (FindLiveObjects: 0.174700 ms CreateObjectMapping: 0.035500 ms MarkObjects: 1.335600 ms  DeleteObjects: 0.337900 ms)

========================================================================
Received Prepare
Registering precompiled user dll's ...
Registered in 0.000675 seconds.
Begin MonoManager ReloadAssembly
Native extension for WindowsStandalone target not found
Refreshing native plugins compatible for Editor in 0.41 ms, found 0 plugins.
Preloading 0 native plugins for Editor in 0.00 ms.
Invoked RoslynAnalysisRunner static constructor.
RoslynAnalysisRunner will not be running.
RoslynAnalysisRunner has terminated.
Mono: successfully reloaded assembly
- Completed reload, in  1.069 seconds
Platform modules already initialized, skipping
Refreshing native plugins compatible for Editor in 0.35 ms, found 0 plugins.
Preloading 0 native plugins for Editor in 0.00 ms.
Unloading 1141 Unused Serialized files (Serialized files now loaded: 0)
System memory in use before: 83.5 MB.
System memory in use after: 82.9 MB.

Unloading 18 unused Assets to reduce memory usage. Loaded Objects now: 1694.
Total: 3.319300 ms (FindLiveObjects: 0.720300 ms CreateObjectMapping: 0.096700 ms MarkObjects: 2.058700 ms  DeleteObjects: 0.437900 ms)

AssetImportWorkerClient::OnTransportError - code=2 error=End of file
